app/build/intermediates/manifest_merge_blame_file/debug/processDebugMainManifest/manifest-merger-blame-debug-report.txt
1<?xml version="1.0" encoding="utf-8"?>
2<manifest xmlns:android="http://schemas.android.com/apk/res/android"
3    package="com.universalwatermark"
4    android:versionCode="1"
5    android:versionName="1.0" >
6
7    <uses-sdk
8        android:minSdkVersion="26"
9        android:targetSdkVersion="35" />
10
11    <!-- Permissions -->
12    <uses-permission android:name="android.permission.FOREGROUND_SERVICE" />
12-->src\main\AndroidManifest.xml:6:5-77
12-->src\main\AndroidManifest.xml:6:22-74
13    <uses-permission android:name="android.permission.FOREGROUND_SERVICE_SPECIAL_USE" />
13-->src\main\AndroidManifest.xml:7:5-89
13-->src\main\AndroidManifest.xml:7:22-86
14    <uses-permission android:name="android.permission.FOREGROUND_SERVICE_LOCATION" />
14-->src\main\AndroidManifest.xml:8:5-86
14-->src\main\AndroidManifest.xml:8:22-83
15    <uses-permission android:name="android.permission.POST_NOTIFICATIONS" />
15-->src\main\AndroidManifest.xml:9:5-77
15-->src\main\AndroidManifest.xml:9:22-74
16    <uses-permission android:name="android.permission.ACCESS_FINE_LOCATION" />
16-->src\main\AndroidManifest.xml:10:5-79
16-->src\main\AndroidManifest.xml:10:22-76
17    <uses-permission android:name="android.permission.ACCESS_COARSE_LOCATION" />
17-->src\main\AndroidManifest.xml:11:5-81
17-->src\main\AndroidManifest.xml:11:22-78
18    <uses-permission android:name="android.permission.SYSTEM_ALERT_WINDOW" />
18-->src\main\AndroidManifest.xml:12:5-78
18-->src\main\AndroidManifest.xml:12:22-75
19
20    <!-- Android 12 and below -->
21    <uses-permission
21-->src\main\AndroidManifest.xml:15:5-16:38
22        android:name="android.permission.READ_EXTERNAL_STORAGE"
22-->src\main\AndroidManifest.xml:15:22-77
23        android:maxSdkVersion="32" />
23-->src\main\AndroidManifest.xml:16:9-35
24    <uses-permission
24-->src\main\AndroidManifest.xml:17:5-18:38
25        android:name="android.permission.WRITE_EXTERNAL_STORAGE"
25-->src\main\AndroidManifest.xml:17:22-78
26        android:maxSdkVersion="29" />
26-->src\main\AndroidManifest.xml:18:9-35
27
28    <!-- Android 13+ -->
29    <uses-permission android:name="android.permission.READ_MEDIA_IMAGES" />
29-->src\main\AndroidManifest.xml:21:5-76
29-->src\main\AndroidManifest.xml:21:22-73
30
31    <!-- Android 14+ -->
32    <uses-permission android:name="android.permission.READ_MEDIA_VISUAL_USER_SELECTED" />
32-->src\main\AndroidManifest.xml:24:5-90
32-->src\main\AndroidManifest.xml:24:22-87
33
34    <!-- Access Location from Images (Android 10+) -->
35    <uses-permission android:name="android.permission.ACCESS_MEDIA_LOCATION" />
35-->src\main\AndroidManifest.xml:27:5-80
35-->src\main\AndroidManifest.xml:27:22-77
36
37    <!-- WAKE LOCK for background processing -->
38    <uses-permission android:name="android.permission.WAKE_LOCK" />
38-->src\main\AndroidManifest.xml:30:5-68
38-->src\main\AndroidManifest.xml:30:22-65
39
40    <!-- Auto Start -->
41    <uses-permission android:name="android.permission.RECEIVE_BOOT_COMPLETED" />
41-->src\main\AndroidManifest.xml:33:5-81
41-->src\main\AndroidManifest.xml:33:22-78
42
43    <queries>
43-->[androidx.camera:camera-extensions:1.4.1] AndroidManifest.xml:22:5-26:15
44        <intent>
44-->[androidx.camera:camera-extensions:1.4.1] AndroidManifest.xml:23:9-25:18
45            <action android:name="androidx.camera.extensions.action.VENDOR_ACTION" />
45-->[androidx.camera:camera-extensions:1.4.1] AndroidManifest.xml:24:13-86
45-->[androidx.camera:camera-extensions:1.4.1] AndroidManifest.xml:24:21-83
46        </intent>
47    </queries>
48
49    <uses-permission android:name="android.permission.ACCESS_NETWORK_STATE" />
49-->[androidx.work:work-runtime:2.9.0] AndroidManifest.xml:24:5-79
49-->[androidx.work:work-runtime:2.9.0] AndroidManifest.xml:24:22-76
50
51    <permission
51-->[androidx.core:core:1.13.1] AndroidManifest.xml:22:5-24:47
52        android:name="com.universalwatermark.DYNAMIC_RECEIVER_NOT_EXPORTED_PERMISSION"
52-->[androidx.core:core:1.13.1] AndroidManifest.xml:23:9-81
53        android:protectionLevel="signature" />
53-->[androidx.core:core:1.13.1] AndroidManifest.xml:24:9-44
54
55    <uses-permission android:name="com.universalwatermark.DYNAMIC_RECEIVER_NOT_EXPORTED_PERMISSION" />
55-->[androidx.core:core:1.13.1] AndroidManifest.xml:26:5-97
55-->[androidx.core:core:1.13.1] AndroidManifest.xml:26:22-94
56
57    <application
57-->src\main\AndroidManifest.xml:35:5-96:19
58        android:name="com.universalwatermark.WatermarkApplication"
58-->src\main\AndroidManifest.xml:36:9-45
59        android:allowBackup="true"
59-->src\main\AndroidManifest.xml:38:9-35
60        android:appComponentFactory="androidx.core.app.CoreComponentFactory"
60-->[androidx.core:core:1.13.1] AndroidManifest.xml:28:18-86
61        android:dataExtractionRules="@xml/data_extraction_rules"
61-->src\main\AndroidManifest.xml:39:9-65
62        android:debuggable="true"
63        android:extractNativeLibs="false"
64        android:fullBackupContent="@xml/backup_rules"
64-->src\main\AndroidManifest.xml:40:9-54
65        android:icon="@mipmap/ic_launcher"
65-->src\main\AndroidManifest.xml:41:9-43
66        android:label="@string/app_name"
66-->src\main\AndroidManifest.xml:42:9-41
67        android:largeHeap="true"
67-->src\main\AndroidManifest.xml:37:9-33
68        android:roundIcon="@mipmap/ic_launcher_round"
68-->src\main\AndroidManifest.xml:43:9-54
69        android:supportsRtl="true"
69-->src\main\AndroidManifest.xml:44:9-35
70        android:testOnly="true"
71        android:theme="@style/Theme.UniversalWatermark" >
71-->src\main\AndroidManifest.xml:45:9-56
72        <activity
72-->src\main\AndroidManifest.xml:47:9-55:20
73            android:name="com.universalwatermark.MainActivity"
73-->src\main\AndroidManifest.xml:48:13-41
74            android:exported="true"
74-->src\main\AndroidManifest.xml:49:13-36
75            android:theme="@style/Theme.UniversalWatermark" >
75-->src\main\AndroidManifest.xml:50:13-60
76            <intent-filter>
76-->src\main\AndroidManifest.xml:51:13-54:29
77                <action android:name="android.intent.action.MAIN" />
77-->src\main\AndroidManifest.xml:52:17-69
77-->src\main\AndroidManifest.xml:52:25-66
78
79                <category android:name="android.intent.category.LAUNCHER" />
79-->src\main\AndroidManifest.xml:53:17-77
79-->src\main\AndroidManifest.xml:53:27-74
80            </intent-filter>
81        </activity>
82
83        <service
83-->src\main\AndroidManifest.xml:57:9-64:19
84            android:name="com.universalwatermark.service.WatermarkMonitorService"
84-->src\main\AndroidManifest.xml:58:13-60
85            android:exported="false"
85-->src\main\AndroidManifest.xml:60:13-37
86            android:foregroundServiceType="location|specialUse" >
86-->src\main\AndroidManifest.xml:59:13-64
87            <property
87-->src\main\AndroidManifest.xml:61:13-63:130
88                android:name="android.app.PROPERTY_SPECIAL_USE_FGS_SUBTYPE"
88-->src\main\AndroidManifest.xml:62:17-76
89                android:value="Monitor MediaStore for newly captured photos to apply user-configured watermarks automatically" />
89-->src\main\AndroidManifest.xml:63:17-127
90        </service>
91        <service
91-->src\main\AndroidManifest.xml:66:9-73:19
92            android:name="com.universalwatermark.service.FloatingWidgetService"
92-->src\main\AndroidManifest.xml:67:13-58
93            android:exported="false"
93-->src\main\AndroidManifest.xml:68:13-37
94            android:foregroundServiceType="specialUse" >
94-->src\main\AndroidManifest.xml:69:13-55
95            <property
95-->src\main\AndroidManifest.xml:61:13-63:130
96                android:name="android.app.PROPERTY_SPECIAL_USE_FGS_SUBTYPE"
96-->src\main\AndroidManifest.xml:62:17-76
97                android:value="Display floating widget for quick settings overlay" />
97-->src\main\AndroidManifest.xml:63:17-127
98        </service>
99
100        <!-- Startup initializer for WorkManager -->
101        <provider
102            android:name="androidx.startup.InitializationProvider"
102-->src\main\AndroidManifest.xml:77:13-67
103            android:authorities="com.universalwatermark.androidx-startup"
103-->src\main\AndroidManifest.xml:78:13-68
104            android:exported="false" >
104-->src\main\AndroidManifest.xml:79:13-37
105            <meta-data
105-->[androidx.emoji2:emoji2:1.3.0] AndroidManifest.xml:29:13-31:52
106                android:name="androidx.emoji2.text.EmojiCompatInitializer"
106-->[androidx.emoji2:emoji2:1.3.0] AndroidManifest.xml:30:17-75
107                android:value="androidx.startup" />
107-->[androidx.emoji2:emoji2:1.3.0] AndroidManifest.xml:31:17-49
108            <meta-data
108-->[androidx.lifecycle:lifecycle-process:2.8.2] AndroidManifest.xml:29:13-31:52
109                android:name="androidx.lifecycle.ProcessLifecycleInitializer"
109-->[androidx.lifecycle:lifecycle-process:2.8.2] AndroidManifest.xml:30:17-78
110                android:value="androidx.startup" />
110-->[androidx.lifecycle:lifecycle-process:2.8.2] AndroidManifest.xml:31:17-49
111            <meta-data
111-->[androidx.profileinstaller:profileinstaller:1.3.1] AndroidManifest.xml:29:13-31:52
112                android:name="androidx.profileinstaller.ProfileInstallerInitializer"
112-->[androidx.profileinstaller:profileinstaller:1.3.1] AndroidManifest.xml:30:17-85
113                android:value="androidx.startup" />
113-->[androidx.profileinstaller:profileinstaller:1.3.1] AndroidManifest.xml:31:17-49
114        </provider>
115
116        <receiver
116-->src\main\AndroidManifest.xml:87:9-95:20
117            android:name="com.universalwatermark.service.BootReceiver"
117-->src\main\AndroidManifest.xml:88:13-49
118            android:enabled="true"
118-->src\main\AndroidManifest.xml:89:13-35
119            android:exported="true" >
119-->src\main\AndroidManifest.xml:90:13-36
120            <intent-filter>
120-->src\main\AndroidManifest.xml:91:13-94:29
121                <action android:name="android.intent.action.BOOT_COMPLETED" />
121-->src\main\AndroidManifest.xml:92:17-79
121-->src\main\AndroidManifest.xml:92:25-76
122                <action android:name="android.intent.action.QUICKBOOT_POWERON" />
122-->src\main\AndroidManifest.xml:93:17-82
122-->src\main\AndroidManifest.xml:93:25-79
123            </intent-filter>
124        </receiver>
125
126        <uses-library
126-->[androidx.camera:camera-extensions:1.4.1] AndroidManifest.xml:29:9-31:40
127            android:name="androidx.camera.extensions.impl"
127-->[androidx.camera:camera-extensions:1.4.1] AndroidManifest.xml:30:13-59
128            android:required="false" />
128-->[androidx.camera:camera-extensions:1.4.1] AndroidManifest.xml:31:13-37
129
130        <service
130-->[androidx.camera:camera-camera2:1.4.1] AndroidManifest.xml:24:9-33:19
131            android:name="androidx.camera.core.impl.MetadataHolderService"
131-->[androidx.camera:camera-camera2:1.4.1] AndroidManifest.xml:25:13-75
132            android:enabled="false"
132-->[androidx.camera:camera-camera2:1.4.1] AndroidManifest.xml:26:13-36
133            android:exported="false" >
133-->[androidx.camera:camera-camera2:1.4.1] AndroidManifest.xml:27:13-37
134            <meta-data
134-->[androidx.camera:camera-camera2:1.4.1] AndroidManifest.xml:30:13-32:89
135                android:name="androidx.camera.core.impl.MetadataHolderService.DEFAULT_CONFIG_PROVIDER"
135-->[androidx.camera:camera-camera2:1.4.1] AndroidManifest.xml:31:17-103
136                android:value="androidx.camera.camera2.Camera2Config$DefaultProvider" />
136-->[androidx.camera:camera-camera2:1.4.1] AndroidManifest.xml:32:17-86
137        </service>
138        <service
138-->[androidx.work:work-runtime:2.9.0] AndroidManifest.xml:39:9-45:35
139            android:name="androidx.work.impl.background.systemalarm.SystemAlarmService"
139-->[androidx.work:work-runtime:2.9.0] AndroidManifest.xml:40:13-88
140            android:directBootAware="false"
140-->[androidx.work:work-runtime:2.9.0] AndroidManifest.xml:41:13-44
141            android:enabled="@bool/enable_system_alarm_service_default"
141-->[androidx.work:work-runtime:2.9.0] AndroidManifest.xml:42:13-72
142            android:exported="false" />
142-->[androidx.work:work-runtime:2.9.0] AndroidManifest.xml:43:13-37
143        <service
143-->[androidx.work:work-runtime:2.9.0] AndroidManifest.xml:46:9-52:35
144            android:name="androidx.work.impl.background.systemjob.SystemJobService"
144-->[androidx.work:work-runtime:2.9.0] AndroidManifest.xml:47:13-84
145            android:directBootAware="false"
145-->[androidx.work:work-runtime:2.9.0] AndroidManifest.xml:48:13-44
146            android:enabled="@bool/enable_system_job_service_default"
146-->[androidx.work:work-runtime:2.9.0] AndroidManifest.xml:49:13-70
147            android:exported="true"
147-->[androidx.work:work-runtime:2.9.0] AndroidManifest.xml:50:13-36
148            android:permission="android.permission.BIND_JOB_SERVICE" />
148-->[androidx.work:work-runtime:2.9.0] AndroidManifest.xml:51:13-69
149        <service
149-->[androidx.work:work-runtime:2.9.0] AndroidManifest.xml:53:9-59:35
150            android:name="androidx.work.impl.foreground.SystemForegroundService"
150-->[androidx.work:work-runtime:2.9.0] AndroidManifest.xml:54:13-81
151            android:directBootAware="false"
151-->[androidx.work:work-runtime:2.9.0] AndroidManifest.xml:55:13-44
152            android:enabled="@bool/enable_system_foreground_service_default"
152-->[androidx.work:work-runtime:2.9.0] AndroidManifest.xml:56:13-77
153            android:exported="false" />
153-->[androidx.work:work-runtime:2.9.0] AndroidManifest.xml:57:13-37
154
155        <receiver
155-->[androidx.work:work-runtime:2.9.0] AndroidManifest.xml:61:9-66:35
156            android:name="androidx.work.impl.utils.ForceStopRunnable$BroadcastReceiver"
156-->[androidx.work:work-runtime:2.9.0] AndroidManifest.xml:62:13-88
157            android:directBootAware="false"
157-->[androidx.work:work-runtime:2.9.0] AndroidManifest.xml:63:13-44
158            android:enabled="true"
158-->[androidx.work:work-runtime:2.9.0] AndroidManifest.xml:64:13-35
159            android:exported="false" />
159-->[androidx.work:work-runtime:2.9.0] AndroidManifest.xml:65:13-37
160        <receiver
160-->[androidx.work:work-runtime:2.9.0] AndroidManifest.xml:67:9-77:20
161            android:name="androidx.work.impl.background.systemalarm.ConstraintProxy$BatteryChargingProxy"
161-->[androidx.work:work-runtime:2.9.0] AndroidManifest.xml:68:13-106
162            android:directBootAware="false"
162-->[androidx.work:work-runtime:2.9.0] AndroidManifest.xml:69:13-44
163            android:enabled="false"
163-->[androidx.work:work-runtime:2.9.0] AndroidManifest.xml:70:13-36
164            android:exported="false" >
164-->[androidx.work:work-runtime:2.9.0] AndroidManifest.xml:71:13-37
165            <intent-filter>
165-->[androidx.work:work-runtime:2.9.0] AndroidManifest.xml:73:13-76:29
166                <action android:name="android.intent.action.ACTION_POWER_CONNECTED" />
166-->[androidx.work:work-runtime:2.9.0] AndroidManifest.xml:74:17-87
166-->[androidx.work:work-runtime:2.9.0] AndroidManifest.xml:74:25-84
167                <action android:name="android.intent.action.ACTION_POWER_DISCONNECTED" />
167-->[androidx.work:work-runtime:2.9.0] AndroidManifest.xml:75:17-90
167-->[androidx.work:work-runtime:2.9.0] AndroidManifest.xml:75:25-87
168            </intent-filter>
169        </receiver>
170        <receiver
170-->[androidx.work:work-runtime:2.9.0] AndroidManifest.xml:78:9-88:20
171            android:name="androidx.work.impl.background.systemalarm.ConstraintProxy$BatteryNotLowProxy"
171-->[androidx.work:work-runtime:2.9.0] AndroidManifest.xml:79:13-104
172            android:directBootAware="false"
172-->[androidx.work:work-runtime:2.9.0] AndroidManifest.xml:80:13-44
173            android:enabled="false"
173-->[androidx.work:work-runtime:2.9.0] AndroidManifest.xml:81:13-36
174            android:exported="false" >
174-->[androidx.work:work-runtime:2.9.0] AndroidManifest.xml:82:13-37
175            <intent-filter>
175-->[androidx.work:work-runtime:2.9.0] AndroidManifest.xml:84:13-87:29
176                <action android:name="android.intent.action.BATTERY_OKAY" />
176-->[androidx.work:work-runtime:2.9.0] AndroidManifest.xml:85:17-77
176-->[androidx.work:work-runtime:2.9.0] AndroidManifest.xml:85:25-74
177                <action android:name="android.intent.action.BATTERY_LOW" />
177-->[androidx.work:work-runtime:2.9.0] AndroidManifest.xml:86:17-76
177-->[androidx.work:work-runtime:2.9.0] AndroidManifest.xml:86:25-73
178            </intent-filter>
179        </receiver>
180        <receiver
180-->[androidx.work:work-runtime:2.9.0] AndroidManifest.xml:89:9-99:20
181            android:name="androidx.work.impl.background.systemalarm.ConstraintProxy$StorageNotLowProxy"
181-->[androidx.work:work-runtime:2.9.0] AndroidManifest.xml:90:13-104
182            android:directBootAware="false"
182-->[androidx.work:work-runtime:2.9.0] AndroidManifest.xml:91:13-44
183            android:enabled="false"
183-->[androidx.work:work-runtime:2.9.0] AndroidManifest.xml:92:13-36
184            android:exported="false" >
184-->[androidx.work:work-runtime:2.9.0] AndroidManifest.xml:93:13-37
185            <intent-filter>
185-->[androidx.work:work-runtime:2.9.0] AndroidManifest.xml:95:13-98:29
186                <action android:name="android.intent.action.DEVICE_STORAGE_LOW" />
186-->[androidx.work:work-runtime:2.9.0] AndroidManifest.xml:96:17-83
186-->[androidx.work:work-runtime:2.9.0] AndroidManifest.xml:96:25-80
187                <action android:name="android.intent.action.DEVICE_STORAGE_OK" />
187-->[androidx.work:work-runtime:2.9.0] AndroidManifest.xml:97:17-82
187-->[androidx.work:work-runtime:2.9.0] AndroidManifest.xml:97:25-79
188            </intent-filter>
189        </receiver>
190        <receiver
190-->[androidx.work:work-runtime:2.9.0] AndroidManifest.xml:100:9-109:20
191            android:name="androidx.work.impl.background.systemalarm.ConstraintProxy$NetworkStateProxy"
191-->[androidx.work:work-runtime:2.9.0] AndroidManifest.xml:101:13-103
192            android:directBootAware="false"
192-->[androidx.work:work-runtime:2.9.0] AndroidManifest.xml:102:13-44
193            android:enabled="false"
193-->[androidx.work:work-runtime:2.9.0] AndroidManifest.xml:103:13-36
194            android:exported="false" >
194-->[androidx.work:work-runtime:2.9.0] AndroidManifest.xml:104:13-37
195            <intent-filter>
195-->[androidx.work:work-runtime:2.9.0] AndroidManifest.xml:106:13-108:29
196                <action android:name="android.net.conn.CONNECTIVITY_CHANGE" />
196-->[androidx.work:work-runtime:2.9.0] AndroidManifest.xml:107:17-79
196-->[androidx.work:work-runtime:2.9.0] AndroidManifest.xml:107:25-76
197            </intent-filter>
198        </receiver>
199        <receiver
199-->[androidx.work:work-runtime:2.9.0] AndroidManifest.xml:110:9-121:20
200            android:name="androidx.work.impl.background.systemalarm.RescheduleReceiver"
200-->[androidx.work:work-runtime:2.9.0] AndroidManifest.xml:111:13-88
201            android:directBootAware="false"
201-->[androidx.work:work-runtime:2.9.0] AndroidManifest.xml:112:13-44
202            android:enabled="false"
202-->[androidx.work:work-runtime:2.9.0] AndroidManifest.xml:113:13-36
203            android:exported="false" >
203-->[androidx.work:work-runtime:2.9.0] AndroidManifest.xml:114:13-37
204            <intent-filter>
204-->[androidx.work:work-runtime:2.9.0] AndroidManifest.xml:116:13-120:29
205                <action android:name="android.intent.action.BOOT_COMPLETED" />
205-->src\main\AndroidManifest.xml:92:17-79
205-->src\main\AndroidManifest.xml:92:25-76
206                <action android:name="android.intent.action.TIME_SET" />
206-->[androidx.work:work-runtime:2.9.0] AndroidManifest.xml:118:17-73
206-->[androidx.work:work-runtime:2.9.0] AndroidManifest.xml:118:25-70
207                <action android:name="android.intent.action.TIMEZONE_CHANGED" />
207-->[androidx.work:work-runtime:2.9.0] AndroidManifest.xml:119:17-81
207-->[androidx.work:work-runtime:2.9.0] AndroidManifest.xml:119:25-78
208            </intent-filter>
209        </receiver>
210        <receiver
210-->[androidx.work:work-runtime:2.9.0] AndroidManifest.xml:122:9-131:20
211            android:name="androidx.work.impl.background.systemalarm.ConstraintProxyUpdateReceiver"
211-->[androidx.work:work-runtime:2.9.0] AndroidManifest.xml:123:13-99
212            android:directBootAware="false"
212-->[androidx.work:work-runtime:2.9.0] AndroidManifest.xml:124:13-44
213            android:enabled="@bool/enable_system_alarm_service_default"
213-->[androidx.work:work-runtime:2.9.0] AndroidManifest.xml:125:13-72
214            android:exported="false" >
214-->[androidx.work:work-runtime:2.9.0] AndroidManifest.xml:126:13-37
215            <intent-filter>
215-->[androidx.work:work-runtime:2.9.0] AndroidManifest.xml:128:13-130:29
216                <action android:name="androidx.work.impl.background.systemalarm.UpdateProxies" />
216-->[androidx.work:work-runtime:2.9.0] AndroidManifest.xml:129:17-98
216-->[androidx.work:work-runtime:2.9.0] AndroidManifest.xml:129:25-95
217            </intent-filter>
218        </receiver>
219        <receiver
219-->[androidx.work:work-runtime:2.9.0] AndroidManifest.xml:132:9-142:20
220            android:name="androidx.work.impl.diagnostics.DiagnosticsReceiver"
220-->[androidx.work:work-runtime:2.9.0] AndroidManifest.xml:133:13-78
221            android:directBootAware="false"
221-->[androidx.work:work-runtime:2.9.0] AndroidManifest.xml:134:13-44
222            android:enabled="true"
222-->[androidx.work:work-runtime:2.9.0] AndroidManifest.xml:135:13-35
223            android:exported="true"
223-->[androidx.work:work-runtime:2.9.0] AndroidManifest.xml:136:13-36
224            android:permission="android.permission.DUMP" >
224-->[androidx.work:work-runtime:2.9.0] AndroidManifest.xml:137:13-57
225            <intent-filter>
225-->[androidx.work:work-runtime:2.9.0] AndroidManifest.xml:139:13-141:29
226                <action android:name="androidx.work.diagnostics.REQUEST_DIAGNOSTICS" />
226-->[androidx.work:work-runtime:2.9.0] AndroidManifest.xml:140:17-88
226-->[androidx.work:work-runtime:2.9.0] AndroidManifest.xml:140:25-85
227            </intent-filter>
228        </receiver>
229
230        <activity
230-->[com.google.android.gms:play-services-base:18.5.0] AndroidManifest.xml:5:9-173
231            android:name="com.google.android.gms.common.api.GoogleApiActivity"
231-->[com.google.android.gms:play-services-base:18.5.0] AndroidManifest.xml:5:19-85
232            android:exported="false"
232-->[com.google.android.gms:play-services-base:18.5.0] AndroidManifest.xml:5:146-170
233            android:theme="@android:style/Theme.Translucent.NoTitleBar" />
233-->[com.google.android.gms:play-services-base:18.5.0] AndroidManifest.xml:5:86-145
234
235        <meta-data
235-->[com.google.android.gms:play-services-basement:18.4.0] AndroidManifest.xml:6:9-122
236            android:name="com.google.android.gms.version"
236-->[com.google.android.gms:play-services-basement:18.4.0] AndroidManifest.xml:6:20-65
237            android:value="@integer/google_play_services_version" />
237-->[com.google.android.gms:play-services-basement:18.4.0] AndroidManifest.xml:6:66-119
238
239        <activity
239-->[androidx.compose.ui:ui-test-manifest:1.7.0-beta03] AndroidManifest.xml:23:9-25:39
240            android:name="androidx.activity.ComponentActivity"
240-->[androidx.compose.ui:ui-test-manifest:1.7.0-beta03] AndroidManifest.xml:24:13-63
241            android:exported="true" />
241-->[androidx.compose.ui:ui-test-manifest:1.7.0-beta03] AndroidManifest.xml:25:13-36
242        <activity
242-->[androidx.compose.ui:ui-tooling-android:1.7.0-beta03] AndroidManifest.xml:23:9-25:39
243            android:name="androidx.compose.ui.tooling.PreviewActivity"
243-->[androidx.compose.ui:ui-tooling-android:1.7.0-beta03] AndroidManifest.xml:24:13-71
244            android:exported="true" />
244-->[androidx.compose.ui:ui-tooling-android:1.7.0-beta03] AndroidManifest.xml:25:13-36
245
246        <service
246-->[androidx.room:room-runtime:2.6.1] AndroidManifest.xml:24:9-28:63
247            android:name="androidx.room.MultiInstanceInvalidationService"
247-->[androidx.room:room-runtime:2.6.1] AndroidManifest.xml:25:13-74
248            android:directBootAware="true"
248-->[androidx.room:room-runtime:2.6.1] AndroidManifest.xml:26:13-43
249            android:exported="false" />
249-->[androidx.room:room-runtime:2.6.1] AndroidManifest.xml:27:13-37
250
251        <receiver
251-->[androidx.profileinstaller:profileinstaller:1.3.1] AndroidManifest.xml:34:9-52:20
252            android:name="androidx.profileinstaller.ProfileInstallReceiver"
252-->[androidx.profileinstaller:profileinstaller:1.3.1] AndroidManifest.xml:35:13-76
253            android:directBootAware="false"
253-->[androidx.profileinstaller:profileinstaller:1.3.1] AndroidManifest.xml:36:13-44
254            android:enabled="true"
254-->[androidx.profileinstaller:profileinstaller:1.3.1] AndroidManifest.xml:37:13-35
255            android:exported="true"
255-->[androidx.profileinstaller:profileinstaller:1.3.1] AndroidManifest.xml:38:13-36
256            android:permission="android.permission.DUMP" >
256-->[androidx.profileinstaller:profileinstaller:1.3.1] AndroidManifest.xml:39:13-57
257            <intent-filter>
257-->[androidx.profileinstaller:profileinstaller:1.3.1] AndroidManifest.xml:40:13-42:29
258                <action android:name="androidx.profileinstaller.action.INSTALL_PROFILE" />
258-->[androidx.profileinstaller:profileinstaller:1.3.1] AndroidManifest.xml:41:17-91
258-->[androidx.profileinstaller:profileinstaller:1.3.1] AndroidManifest.xml:41:25-88
259            </intent-filter>
260            <intent-filter>
260-->[androidx.profileinstaller:profileinstaller:1.3.1] AndroidManifest.xml:43:13-45:29
261                <action android:name="androidx.profileinstaller.action.SKIP_FILE" />
261-->[androidx.profileinstaller:profileinstaller:1.3.1] AndroidManifest.xml:44:17-85
261-->[androidx.profileinstaller:profileinstaller:1.3.1] AndroidManifest.xml:44:25-82
262            </intent-filter>
263            <intent-filter>
263-->[androidx.profileinstaller:profileinstaller:1.3.1] AndroidManifest.xml:46:13-48:29
264                <action android:name="androidx.profileinstaller.action.SAVE_PROFILE" />
264-->[androidx.profileinstaller:profileinstaller:1.3.1] AndroidManifest.xml:47:17-88
264-->[androidx.profileinstaller:profileinstaller:1.3.1] AndroidManifest.xml:47:25-85
265            </intent-filter>
266            <intent-filter>
266-->[androidx.profileinstaller:profileinstaller:1.3.1] AndroidManifest.xml:49:13-51:29
267                <action android:name="androidx.profileinstaller.action.BENCHMARK_OPERATION" />
267-->[androidx.profileinstaller:profileinstaller:1.3.1] AndroidManifest.xml:50:17-95
267-->[androidx.profileinstaller:profileinstaller:1.3.1] AndroidManifest.xml:50:25-92
268            </intent-filter>
269        </receiver>
270    </application>
271
272</manifest>